Determining if the pthread_create exist failed with the following output:
Change Dir: /home/fyj/cmu-15-445/build/CMakeFiles/CMakeTmp

Run Build Command:"/usr/bin/make" "cmTC_c32b2/fast"
/usr/bin/make -f CMakeFiles/cmTC_c32b2.dir/build.make CMakeFiles/cmTC_c32b2.dir/build
make[1]: Entering directory '/home/fyj/cmu-15-445/build/CMakeFiles/CMakeTmp'
Building C object CMakeFiles/cmTC_c32b2.dir/CheckSymbolExists.c.o
/usr/bin/cc    -o CMakeFiles/cmTC_c32b2.dir/CheckSymbolExists.c.o   -c /home/fyj/cmu-15-445/build/CMakeFiles/CMakeTmp/CheckSymbolExists.c
Linking C executable cmTC_c32b2
/usr/bin/cmake -E cmake_link_script CMakeFiles/cmTC_c32b2.dir/link.txt --verbose=1
/usr/bin/cc      -rdynamic CMakeFiles/cmTC_c32b2.dir/CheckSymbolExists.c.o  -o cmTC_c32b2 
CMakeFiles/cmTC_c32b2.dir/CheckSymbolExists.c.o: In function `main':
CheckSymbolExists.c:(.text+0x16): undefined reference to `pthread_create'
collect2: error: ld returned 1 exit status
CMakeFiles/cmTC_c32b2.dir/build.make:97: recipe for target 'cmTC_c32b2' failed
make[1]: *** [cmTC_c32b2] Error 1
make[1]: Leaving directory '/home/fyj/cmu-15-445/build/CMakeFiles/CMakeTmp'
Makefile:126: recipe for target 'cmTC_c32b2/fast' failed
make: *** [cmTC_c32b2/fast] Error 2

File /home/fyj/cmu-15-445/build/CMakeFiles/CMakeTmp/CheckSymbolExists.c:
/* */
#include <pthread.h>

int main(int argc, char** argv)
{
  (void)argv;
#ifndef pthread_create
  return ((int*)(&pthread_create))[argc];
#else
  (void)argc;
  return 0;
#endif
}

Determining if the function pthread_create exists in the pthreads failed with the following output:
Change Dir: /home/fyj/cmu-15-445/build/CMakeFiles/CMakeTmp

Run Build Command:"/usr/bin/make" "cmTC_45a7c/fast"
/usr/bin/make -f CMakeFiles/cmTC_45a7c.dir/build.make CMakeFiles/cmTC_45a7c.dir/build
make[1]: Entering directory '/home/fyj/cmu-15-445/build/CMakeFiles/CMakeTmp'
Building C object CMakeFiles/cmTC_45a7c.dir/CheckFunctionExists.c.o
/usr/bin/cc   -DCHECK_FUNCTION_EXISTS=pthread_create   -o CMakeFiles/cmTC_45a7c.dir/CheckFunctionExists.c.o   -c /usr/share/cmake-3.9/Modules/CheckFunctionExists.c
Linking C executable cmTC_45a7c
/usr/bin/cmake -E cmake_link_script CMakeFiles/cmTC_45a7c.dir/link.txt --verbose=1
/usr/bin/cc  -DCHECK_FUNCTION_EXISTS=pthread_create    -rdynamic CMakeFiles/cmTC_45a7c.dir/CheckFunctionExists.c.o  -o cmTC_45a7c -lpthreads 
/usr/bin/ld: cannot find -lpthreads
collect2: error: ld returned 1 exit status
CMakeFiles/cmTC_45a7c.dir/build.make:97: recipe for target 'cmTC_45a7c' failed
make[1]: *** [cmTC_45a7c] Error 1
make[1]: Leaving directory '/home/fyj/cmu-15-445/build/CMakeFiles/CMakeTmp'
Makefile:126: recipe for target 'cmTC_45a7c/fast' failed
make: *** [cmTC_45a7c/fast] Error 2


